<?xml version="1.0" encoding="UTF-8"?>
<!-- Generated by org.testng.reporters.JUnitReportReporter -->
<testsuite hostname="DESKTOP-OI28FFF" failures="0" tests="1" name="test.day3" time="0.003" errors="0" timestamp="2022-11-11T23:56:14 GMT-05:00" skipped="0">
  <testcase classname="test.day3" name="mobileLoginCarloan3" time="0.003"/>
  <system-out/>
</testsuite> <!-- test.day3 -->
