<?xml version="1.0" encoding="UTF-8"?>
<!-- Generated by org.testng.reporters.JUnitReportReporter -->
<testsuite hostname="DESKTOP-OI28FFF" failures="0" tests="3" name="test.day2" time="0.013" errors="0" timestamp="2022-11-11T23:55:15 GMT-05:00" skipped="0">
  <testcase classname="test.day2" name="ploanLogin" time="0.005"/>
  <system-out/>
  <testcase classname="test.day2" name="ploanLogin" time="0.004"/>
  <system-out/>
  <testcase classname="test.day2" name="ploanLogin" time="0.004"/>
  <system-out/>
</testsuite> <!-- test.day2 -->
