<?xml version="1.0" encoding="UTF-8"?>
<!-- Generated by org.testng.reporters.JUnitReportReporter -->
<testsuite hostname="DESKTOP-OI28FFF" failures="0" tests="1" name="test.day4" time="0.014" errors="0" timestamp="2022-11-11T23:58:10 GMT-05:00" skipped="0">
  <testcase classname="test.day4" name="WebLoginHomeloan" time="0.014"/>
  <system-out/>
</testsuite> <!-- test.day4 -->
